<?xml version="1.0" encoding="UTF-8"?>
<testng-results ignored="0" total="1" passed="1" failed="0" skipped="0">
  <reporter-output>
  </reporter-output>
  <suite started-at="2024-02-05T08:53:28 IST" name="Default suite" finished-at="2024-02-05T08:53:37 IST" duration-ms="9109">
    <groups>
    </groups>
    <test started-at="2024-02-05T08:53:28 IST" name="Default test" finished-at="2024-02-05T08:53:37 IST" duration-ms="9109">
      <class name="com.window.WindowHandling">
        <test-method is-config="true" signature="launchBrowser()[pri:0, instance:com.window.WindowHandling@4c12331b]" started-at="2024-02-05T08:53:28 IST" name="launchBrowser" finished-at="2024-02-05T08:53:32 IST" duration-ms="4152" status="PASS">
          <reporter-output>
          </reporter-output>
        </test-method> <!-- launchBrowser -->
        <test-method signature="WindTest()[pri:0, instance:com.window.WindowHandling@4c12331b]" started-at="2024-02-05T08:53:32 IST" name="WindTest" finished-at="2024-02-05T08:53:37 IST" duration-ms="4899" status="PASS">
          <reporter-output>
          </reporter-output>
        </test-method> <!-- WindTest -->
      </class> <!-- com.window.WindowHandling -->
    </test> <!-- Default test -->
  </suite> <!-- Default suite -->
</testng-results>
