<?xml version="1.0" encoding="UTF-8"?>
<testng-results ignored="0" total="1" passed="1" failed="0" skipped="0">
  <reporter-output>
  </reporter-output>
  <suite started-at="2024-08-03T12:18:31 IST" name="Default suite" finished-at="2024-08-03T12:18:32 IST" duration-ms="741">
    <groups>
    </groups>
    <test started-at="2024-08-03T12:18:31 IST" name="Default test" finished-at="2024-08-03T12:18:32 IST" duration-ms="741">
      <class name="com.excel.ExcelDemo">
        <test-method signature="getData()[pri:0, instance:com.excel.ExcelDemo@24313fcc]" started-at="2024-08-03T12:18:31 IST" name="getData" finished-at="2024-08-03T12:18:32 IST" duration-ms="682" status="PASS">
          <reporter-output>
          </reporter-output>
        </test-method> <!-- getData -->
      </class> <!-- com.excel.ExcelDemo -->
    </test> <!-- Default test -->
  </suite> <!-- Default suite -->
</testng-results>
