<?xml version="1.0" encoding="UTF-8"?>
<!-- Generated by org.testng.reporters.JUnitXMLReporter -->
<testsuite ignored="0" hostname="Oviya" failures="0" tests="9" name="Google Testing" time="23.141" errors="0" timestamp="2024-06-01T14:50:44 IST">
  <testcase classname="com.testng.BeforeAnnotationTest" name="TitleTest" time="0.049"/>
  <testcase classname="com.testng.ExcelData" name="testCaseData" time="0.0">
    <skipped/>
  </testcase> <!-- testCaseData -->
  <testcase classname="com.testng.TestDemo" name="GoogleAppsLinkTest" time="0.129"/>
  <testcase classname="com.testng.TestDemo" name="ImagesLinkTest" time="0.064"/>
  <testcase classname="com.testng.TestDemo" name="gmailLinkTest" time="0.166"/>
  <testcase classname="com.testng.TestDemo" name="googleLogoTest" time="0.192"/>
  <testcase classname="com.testng.TestDemo" name="googleSearchLinkTest" time="0.217"/>
  <testcase classname="com.testng.TestDemo" name="googleTitleTest" time="0.14"/>
  <testcase classname="com.testng.Test" name="geturl" time="4.89"/>
</testsuite> <!-- Google Testing -->
